<?xml version="1.0" encoding="UTF-8"?>
<!-- Generated by org.testng.reporters.JUnitReportReporter -->
<testsuite hostname="DESKTOP-CUUKSDE" failures="0" tests="1" name="driver.Html" time="0.033" errors="0" timestamp="2022-11-16T17:52:30 EET" skipped="0">
  <testcase classname="driver.Html" name="Testtitle" time="0.033"/>
  <system-out/>
</testsuite> <!-- driver.Html -->
